INFO 2025-05-10 22:33:29,030 autoreload Watching for file changes with StatReloader
WARNING 2025-05-10 22:33:32,903 log Not Found: /
WARNING 2025-05-10 22:33:32,904 basehttp "GET / HTTP/1.1" 404 3428
INFO 2025-05-10 22:35:34,393 autoreload C:\Users\joaop\Desktop\SGHSS_Projeto_Comentado\SGHSS\urls.py changed, reloading.
INFO 2025-05-10 22:35:37,340 autoreload Watching for file changes with StatReloader
INFO 2025-05-10 22:36:39,008 autoreload Watching for file changes with StatReloader
INFO 2025-05-10 22:37:47,768 autoreload Watching for file changes with StatReloader
INFO 2025-05-10 22:41:47,601 autoreload Watching for file changes with StatReloader
INFO 2025-05-10 22:41:51,505 basehttp "GET / HTTP/1.1" 200 79
INFO 2025-05-10 22:42:30,113 middleware User: Anonymous | Method: GET | Path: /api/ | Status: 401 | Duration: 0.09s
WARNING 2025-05-10 22:42:30,114 log Unauthorized: /api/
WARNING 2025-05-10 22:42:30,114 basehttp "GET /api/ HTTP/1.1" 401 5013
INFO 2025-05-10 22:42:30,859 basehttp "GET /static/rest_framework/js/jquery-3.7.1.min.js HTTP/1.1" 200 87533
INFO 2025-05-10 22:42:30,870 basehttp "GET /static/rest_framework/css/default.css HTTP/1.1" 200 1152
INFO 2025-05-10 22:42:30,894 basehttp "GET /static/rest_framework/js/csrf.js HTTP/1.1" 200 1793
INFO 2025-05-10 22:42:30,923 basehttp "GET /static/rest_framework/js/ajax-form.js HTTP/1.1" 200 3796
INFO 2025-05-10 22:42:30,954 basehttp "GET /static/rest_framework/css/bootstrap.min.css HTTP/1.1" 200 121457
INFO 2025-05-10 22:42:30,958 basehttp "GET /static/rest_framework/js/bootstrap.min.js HTTP/1.1" 200 39680
INFO 2025-05-10 22:42:30,961 basehttp "GET /static/rest_framework/js/default.js HTTP/1.1" 200 1268
INFO 2025-05-10 22:42:30,980 basehttp "GET /static/rest_framework/css/prettify.css HTTP/1.1" 200 817
INFO 2025-05-10 22:42:30,986 basehttp "GET /static/rest_framework/css/bootstrap-tweaks.css HTTP/1.1" 200 3426
INFO 2025-05-10 22:42:30,990 basehttp "GET /static/rest_framework/js/prettify-min.js HTTP/1.1" 200 13632
INFO 2025-05-10 22:42:30,992 basehttp "GET /static/rest_framework/js/load-ajax-form.js HTTP/1.1" 200 59
INFO 2025-05-10 22:42:31,028 basehttp "GET /static/rest_framework/img/grid.png HTTP/1.1" 200 1458
INFO 2025-05-10 22:42:42,375 middleware User: Anonymous | Method: GET | Path: /api/ | Status: 401 | Duration: 0.00s
WARNING 2025-05-10 22:42:42,376 log Unauthorized: /api/
WARNING 2025-05-10 22:42:42,376 basehttp "GET /api/?format=json HTTP/1.1" 401 68
INFO 2025-05-10 22:42:46,556 middleware User: Anonymous | Method: GET | Path: /api/ | Status: 401 | Duration: 0.00s
WARNING 2025-05-10 22:42:46,556 log Unauthorized: /api/
WARNING 2025-05-10 22:42:46,557 basehttp "GET /api/ HTTP/1.1" 401 5013
INFO 2025-05-10 22:42:55,688 middleware User: Anonymous | Method: GET | Path: /api/ | Status: 401 | Duration: 0.00s
WARNING 2025-05-10 22:42:55,688 log Unauthorized: /api/
WARNING 2025-05-10 22:42:55,688 basehttp "GET /api/ HTTP/1.1" 401 5013
INFO 2025-05-10 22:43:01,904 middleware User: Anonymous | Method: GET | Path: /api/ | Status: 401 | Duration: 0.00s
WARNING 2025-05-10 22:43:01,905 log Unauthorized: /api/
WARNING 2025-05-10 22:43:01,905 basehttp "GET /api/ HTTP/1.1" 401 5013
INFO 2025-05-10 22:44:35,016 middleware User: Anonymous | Method: GET | Path: /api/token/ | Status: 405 | Duration: 0.08s
WARNING 2025-05-10 22:44:35,016 log Method Not Allowed: /api/token/
WARNING 2025-05-10 22:44:35,017 basehttp "GET /api/token/ HTTP/1.1" 405 7713
INFO 2025-05-10 22:44:51,237 middleware User: Anonymous | Method: POST | Path: /api/token/ | Status: 200 | Duration: 1.18s
INFO 2025-05-10 22:44:51,238 basehttp "POST /api/token/ HTTP/1.1" 200 8150
INFO 2025-05-10 22:45:05,232 middleware User: Anonymous | Method: POST | Path: /api/token/ | Status: 200 | Duration: 1.12s
INFO 2025-05-10 22:45:05,233 basehttp "POST /api/token/ HTTP/1.1" 200 8150
INFO 2025-05-10 22:45:53,944 middleware User: Anonymous | Method: POST | Path: /api/token/ | Status: 200 | Duration: 1.16s
INFO 2025-05-10 22:45:53,945 basehttp "POST /api/token/ HTTP/1.1" 200 8150
INFO 2025-05-10 22:45:56,079 middleware User: Anonymous | Method: OPTIONS | Path: /api/token/ | Status: 200 | Duration: 0.00s
INFO 2025-05-10 22:45:56,080 basehttp "OPTIONS /api/token/ HTTP/1.1" 200 8692
INFO 2025-05-10 22:46:18,678 middleware User: Anonymous | Method: POST | Path: /api/token/ | Status: 200 | Duration: 1.06s
INFO 2025-05-10 22:46:18,679 basehttp "POST /api/token/ HTTP/1.1" 200 8150
INFO 2025-05-10 22:47:37,409 basehttp "GET / HTTP/1.1" 200 79
INFO 2025-05-10 22:48:44,952 middleware User: Anonymous | Method: GET | Path: /api/pacientes/ | Status: 401 | Duration: 0.00s
WARNING 2025-05-10 22:48:44,953 log Unauthorized: /api/pacientes/
WARNING 2025-05-10 22:48:44,954 basehttp "GET /api/pacientes/ HTTP/1.1" 401 5202
INFO 2025-05-10 22:48:50,320 middleware User: Anonymous | Method: GET | Path: /api/pacientes/ | Status: 401 | Duration: 0.00s
WARNING 2025-05-10 22:48:50,321 log Unauthorized: /api/pacientes/
WARNING 2025-05-10 22:48:50,321 basehttp "GET /api/pacientes/ HTTP/1.1" 401 5202
INFO 2025-05-10 22:48:52,671 middleware User: Anonymous | Method: GET | Path: /api/pacientes/ | Status: 401 | Duration: 0.00s
WARNING 2025-05-10 22:48:52,671 log Unauthorized: /api/pacientes/
WARNING 2025-05-10 22:48:52,672 basehttp "GET /api/pacientes/?format=json HTTP/1.1" 401 68
INFO 2025-05-10 22:48:54,262 middleware User: Anonymous | Method: GET | Path: /api/pacientes/ | Status: 401 | Duration: 0.00s
WARNING 2025-05-10 22:48:54,263 log Unauthorized: /api/pacientes/
WARNING 2025-05-10 22:48:54,263 basehttp "GET /api/pacientes/ HTTP/1.1" 401 5202
INFO 2025-05-10 22:48:56,143 middleware User: Anonymous | Method: GET | Path: /api/pacientes/ | Status: 401 | Duration: 0.00s
WARNING 2025-05-10 22:48:56,143 log Unauthorized: /api/pacientes/
WARNING 2025-05-10 22:48:56,144 basehttp "GET /api/pacientes/?format=api HTTP/1.1" 401 5246
INFO 2025-05-10 22:48:58,211 middleware User: Anonymous | Method: GET | Path: /api/pacientes/ | Status: 401 | Duration: 0.00s
WARNING 2025-05-10 22:48:58,211 log Unauthorized: /api/pacientes/
WARNING 2025-05-10 22:48:58,212 basehttp "GET /api/pacientes/?format=api HTTP/1.1" 401 5246
INFO 2025-05-10 22:48:59,830 middleware User: Anonymous | Method: GET | Path: /api/pacientes/ | Status: 401 | Duration: 0.00s
WARNING 2025-05-10 22:48:59,831 log Unauthorized: /api/pacientes/
WARNING 2025-05-10 22:48:59,831 basehttp "GET /api/pacientes/?format=api HTTP/1.1" 401 5246
INFO 2025-05-10 22:51:25,525 autoreload Watching for file changes with StatReloader
INFO 2025-05-10 22:51:29,486 basehttp "GET / HTTP/1.1" 200 79
INFO 2025-05-10 22:51:36,857 basehttp "GET /admin/ HTTP/1.1" 302 0
INFO 2025-05-10 22:51:36,942 basehttp "GET /admin/login/?next=/admin/ HTTP/1.1" 200 4209
INFO 2025-05-10 22:51:37,225 basehttp "GET /static/admin/css/dark_mode.css HTTP/1.1" 200 2808
INFO 2025-05-10 22:51:37,239 basehttp "GET /static/admin/css/login.css HTTP/1.1" 200 951
INFO 2025-05-10 22:51:37,252 basehttp "GET /static/admin/css/responsive.css HTTP/1.1" 200 16565
INFO 2025-05-10 22:51:37,258 basehttp "GET /static/admin/css/base.css HTTP/1.1" 200 22120
INFO 2025-05-10 22:51:37,275 basehttp "GET /static/admin/js/theme.js HTTP/1.1" 200 1653
INFO 2025-05-10 22:51:37,298 basehttp "GET /static/admin/js/nav_sidebar.js HTTP/1.1" 200 3063
INFO 2025-05-10 22:51:37,373 basehttp "GET /static/admin/css/nav_sidebar.css HTTP/1.1" 200 2810
INFO 2025-05-10 22:51:40,779 middleware User: Anonymous | Method: GET | Path: /api/ | Status: 401 | Duration: 0.01s
WARNING 2025-05-10 22:51:40,780 log Unauthorized: /api/
WARNING 2025-05-10 22:51:40,781 basehttp "GET /api/ HTTP/1.1" 401 5013
INFO 2025-05-10 22:51:40,833 basehttp "GET /static/rest_framework/css/bootstrap.min.css HTTP/1.1" 304 0
INFO 2025-05-10 22:51:40,836 basehttp "GET /static/rest_framework/css/bootstrap-tweaks.css HTTP/1.1" 304 0
INFO 2025-05-10 22:51:40,837 basehttp "GET /static/rest_framework/css/prettify.css HTTP/1.1" 304 0
INFO 2025-05-10 22:51:40,853 basehttp "GET /static/rest_framework/css/default.css HTTP/1.1" 304 0
INFO 2025-05-10 22:51:40,853 basehttp "GET /static/rest_framework/js/prettify-min.js HTTP/1.1" 304 0
INFO 2025-05-10 22:51:40,854 basehttp "GET /static/rest_framework/js/csrf.js HTTP/1.1" 304 0
INFO 2025-05-10 22:51:40,854 basehttp "GET /static/rest_framework/js/bootstrap.min.js HTTP/1.1" 304 0
INFO 2025-05-10 22:51:40,855 basehttp "GET /static/rest_framework/js/ajax-form.js HTTP/1.1" 304 0
INFO 2025-05-10 22:51:40,858 basehttp "GET /static/rest_framework/js/jquery-3.7.1.min.js HTTP/1.1" 304 0
INFO 2025-05-10 22:51:40,863 basehttp "GET /static/rest_framework/js/default.js HTTP/1.1" 304 0
INFO 2025-05-10 22:51:40,864 basehttp "GET /static/rest_framework/js/load-ajax-form.js HTTP/1.1" 304 0
INFO 2025-05-10 22:51:40,877 basehttp "GET /static/rest_framework/img/grid.png HTTP/1.1" 304 0
ERROR 2025-05-10 22:52:42,738 log Internal Server Error: /redoc/
Traceback (most recent call last):
  File "c:\Users\joaop\Desktop\SGHSS_Projeto_Comentado\venv\Lib\site-packages\django\core\handlers\exception.py", line 55, in inner
    response = get_response(request)
  File "c:\Users\joaop\Desktop\SGHSS_Projeto_Comentado\venv\Lib\site-packages\django\core\handlers\base.py", line 220, in _get_response
    response = response.render()
  File "c:\Users\joaop\Desktop\SGHSS_Projeto_Comentado\venv\Lib\site-packages\django\template\response.py", line 114, in render
    self.content = self.rendered_content
                   ^^^^^^^^^^^^^^^^^^^^^
  File "c:\Users\joaop\Desktop\SGHSS_Projeto_Comentado\venv\Lib\site-packages\rest_framework\response.py", line 74, in rendered_content
    ret = renderer.render(self.data, accepted_media_type, context)
  File "c:\Users\joaop\Desktop\SGHSS_Projeto_Comentado\venv\Lib\site-packages\drf_yasg\renderers.py", line 79, in render
    return render_to_string(self.template, renderer_context, renderer_context['request'])
  File "c:\Users\joaop\Desktop\SGHSS_Projeto_Comentado\venv\Lib\site-packages\django\template\loader.py", line 61, in render_to_string
    template = get_template(template_name, using=using)
  File "c:\Users\joaop\Desktop\SGHSS_Projeto_Comentado\venv\Lib\site-packages\django\template\loader.py", line 19, in get_template
    raise TemplateDoesNotExist(template_name, chain=chain)
django.template.exceptions.TemplateDoesNotExist: drf-yasg/redoc.html
ERROR 2025-05-10 22:52:42,743 basehttp "GET /redoc/ HTTP/1.1" 500 101592
ERROR 2025-05-10 22:52:51,958 log Internal Server Error: /swagger/
Traceback (most recent call last):
  File "c:\Users\joaop\Desktop\SGHSS_Projeto_Comentado\venv\Lib\site-packages\django\core\handlers\exception.py", line 55, in inner
    response = get_response(request)
  File "c:\Users\joaop\Desktop\SGHSS_Projeto_Comentado\venv\Lib\site-packages\django\core\handlers\base.py", line 220, in _get_response
    response = response.render()
  File "c:\Users\joaop\Desktop\SGHSS_Projeto_Comentado\venv\Lib\site-packages\django\template\response.py", line 114, in render
    self.content = self.rendered_content
                   ^^^^^^^^^^^^^^^^^^^^^
  File "c:\Users\joaop\Desktop\SGHSS_Projeto_Comentado\venv\Lib\site-packages\rest_framework\response.py", line 74, in rendered_content
    ret = renderer.render(self.data, accepted_media_type, context)
  File "c:\Users\joaop\Desktop\SGHSS_Projeto_Comentado\venv\Lib\site-packages\drf_yasg\renderers.py", line 79, in render
    return render_to_string(self.template, renderer_context, renderer_context['request'])
  File "c:\Users\joaop\Desktop\SGHSS_Projeto_Comentado\venv\Lib\site-packages\django\template\loader.py", line 61, in render_to_string
    template = get_template(template_name, using=using)
  File "c:\Users\joaop\Desktop\SGHSS_Projeto_Comentado\venv\Lib\site-packages\django\template\loader.py", line 19, in get_template
    raise TemplateDoesNotExist(template_name, chain=chain)
django.template.exceptions.TemplateDoesNotExist: drf-yasg/swagger-ui.html
ERROR 2025-05-10 22:52:51,960 basehttp "GET /swagger/ HTTP/1.1" 500 104557
INFO 2025-05-10 22:56:55,423 autoreload C:\Users\joaop\Desktop\SGHSS_Projeto_Comentado\SGHSS\settings.py changed, reloading.
INFO 2025-05-10 22:56:56,494 autoreload Watching for file changes with StatReloader
INFO 2025-05-10 22:57:10,429 autoreload C:\Users\joaop\Desktop\SGHSS_Projeto_Comentado\SGHSS\settings.py changed, reloading.
INFO 2025-05-10 22:57:11,431 autoreload Watching for file changes with StatReloader
INFO 2025-05-10 22:59:14,322 autoreload Watching for file changes with StatReloader
INFO 2025-05-10 22:59:18,912 basehttp "GET / HTTP/1.1" 200 79
ERROR 2025-05-10 22:59:33,061 log Internal Server Error: /swagger/
Traceback (most recent call last):
  File "c:\Users\joaop\Desktop\SGHSS_Projeto_Comentado\venv\Lib\site-packages\django\core\handlers\exception.py", line 55, in inner
    response = get_response(request)
  File "c:\Users\joaop\Desktop\SGHSS_Projeto_Comentado\venv\Lib\site-packages\django\core\handlers\base.py", line 220, in _get_response
    response = response.render()
  File "c:\Users\joaop\Desktop\SGHSS_Projeto_Comentado\venv\Lib\site-packages\django\template\response.py", line 114, in render
    self.content = self.rendered_content
                   ^^^^^^^^^^^^^^^^^^^^^
  File "c:\Users\joaop\Desktop\SGHSS_Projeto_Comentado\venv\Lib\site-packages\rest_framework\response.py", line 74, in rendered_content
    ret = renderer.render(self.data, accepted_media_type, context)
  File "c:\Users\joaop\Desktop\SGHSS_Projeto_Comentado\venv\Lib\site-packages\drf_yasg\renderers.py", line 79, in render
    return render_to_string(self.template, renderer_context, renderer_context['request'])
  File "c:\Users\joaop\Desktop\SGHSS_Projeto_Comentado\venv\Lib\site-packages\django\template\loader.py", line 61, in render_to_string
    template = get_template(template_name, using=using)
  File "c:\Users\joaop\Desktop\SGHSS_Projeto_Comentado\venv\Lib\site-packages\django\template\loader.py", line 19, in get_template
    raise TemplateDoesNotExist(template_name, chain=chain)
django.template.exceptions.TemplateDoesNotExist: drf-yasg/swagger-ui.html
ERROR 2025-05-10 22:59:33,071 basehttp "GET /swagger/ HTTP/1.1" 500 103776
INFO 2025-05-10 23:00:23,781 autoreload Watching for file changes with StatReloader
INFO 2025-05-10 23:00:27,782 basehttp "GET / HTTP/1.1" 200 79
INFO 2025-05-10 23:00:33,763 middleware User: Anonymous | Method: GET | Path: /api/ | Status: 401 | Duration: 0.05s
WARNING 2025-05-10 23:00:33,763 log Unauthorized: /api/
WARNING 2025-05-10 23:00:33,764 basehttp "GET /api/ HTTP/1.1" 401 5013
INFO 2025-05-10 23:00:51,300 basehttp "GET / HTTP/1.1" 200 79
ERROR 2025-05-10 23:00:55,242 log Internal Server Error: /swagger/
Traceback (most recent call last):
  File "c:\Users\joaop\Desktop\SGHSS_Projeto_Comentado\venv\Lib\site-packages\django\core\handlers\exception.py", line 55, in inner
    response = get_response(request)
  File "c:\Users\joaop\Desktop\SGHSS_Projeto_Comentado\venv\Lib\site-packages\django\core\handlers\base.py", line 220, in _get_response
    response = response.render()
  File "c:\Users\joaop\Desktop\SGHSS_Projeto_Comentado\venv\Lib\site-packages\django\template\response.py", line 114, in render
    self.content = self.rendered_content
                   ^^^^^^^^^^^^^^^^^^^^^
  File "c:\Users\joaop\Desktop\SGHSS_Projeto_Comentado\venv\Lib\site-packages\rest_framework\response.py", line 74, in rendered_content
    ret = renderer.render(self.data, accepted_media_type, context)
  File "c:\Users\joaop\Desktop\SGHSS_Projeto_Comentado\venv\Lib\site-packages\drf_yasg\renderers.py", line 79, in render
    return render_to_string(self.template, renderer_context, renderer_context['request'])
  File "c:\Users\joaop\Desktop\SGHSS_Projeto_Comentado\venv\Lib\site-packages\django\template\loader.py", line 61, in render_to_string
    template = get_template(template_name, using=using)
  File "c:\Users\joaop\Desktop\SGHSS_Projeto_Comentado\venv\Lib\site-packages\django\template\loader.py", line 19, in get_template
    raise TemplateDoesNotExist(template_name, chain=chain)
django.template.exceptions.TemplateDoesNotExist: drf-yasg/swagger-ui.html
ERROR 2025-05-10 23:00:55,245 basehttp "GET /swagger/ HTTP/1.1" 500 104694
ERROR 2025-05-10 23:01:19,035 log Internal Server Error: /swagger/
Traceback (most recent call last):
  File "c:\Users\joaop\Desktop\SGHSS_Projeto_Comentado\venv\Lib\site-packages\django\core\handlers\exception.py", line 55, in inner
    response = get_response(request)
  File "c:\Users\joaop\Desktop\SGHSS_Projeto_Comentado\venv\Lib\site-packages\django\core\handlers\base.py", line 220, in _get_response
    response = response.render()
  File "c:\Users\joaop\Desktop\SGHSS_Projeto_Comentado\venv\Lib\site-packages\django\template\response.py", line 114, in render
    self.content = self.rendered_content
                   ^^^^^^^^^^^^^^^^^^^^^
  File "c:\Users\joaop\Desktop\SGHSS_Projeto_Comentado\venv\Lib\site-packages\rest_framework\response.py", line 74, in rendered_content
    ret = renderer.render(self.data, accepted_media_type, context)
  File "c:\Users\joaop\Desktop\SGHSS_Projeto_Comentado\venv\Lib\site-packages\drf_yasg\renderers.py", line 79, in render
    return render_to_string(self.template, renderer_context, renderer_context['request'])
  File "c:\Users\joaop\Desktop\SGHSS_Projeto_Comentado\venv\Lib\site-packages\django\template\loader.py", line 61, in render_to_string
    template = get_template(template_name, using=using)
  File "c:\Users\joaop\Desktop\SGHSS_Projeto_Comentado\venv\Lib\site-packages\django\template\loader.py", line 19, in get_template
    raise TemplateDoesNotExist(template_name, chain=chain)
django.template.exceptions.TemplateDoesNotExist: drf-yasg/swagger-ui.html
ERROR 2025-05-10 23:01:19,037 basehttp "GET /swagger/ HTTP/1.1" 500 103776
INFO 2025-05-10 23:03:40,717 autoreload C:\Users\joaop\Desktop\SGHSS_Projeto_Comentado\SGHSS\urls.py changed, reloading.
INFO 2025-05-10 23:03:41,796 autoreload Watching for file changes with StatReloader
INFO 2025-05-10 23:03:46,440 basehttp "GET / HTTP/1.1" 200 79
INFO 2025-05-10 23:03:58,923 middleware User: Anonymous | Method: GET | Path: /api/ | Status: 401 | Duration: 0.05s
WARNING 2025-05-10 23:03:58,923 log Unauthorized: /api/
WARNING 2025-05-10 23:03:58,924 basehttp "GET /api/ HTTP/1.1" 401 5013
INFO 2025-05-10 23:03:58,971 basehttp "GET /static/rest_framework/css/bootstrap.min.css HTTP/1.1" 304 0
INFO 2025-05-10 23:03:58,982 basehttp "GET /static/rest_framework/css/bootstrap-tweaks.css HTTP/1.1" 304 0
INFO 2025-05-10 23:03:58,986 basehttp "GET /static/rest_framework/js/jquery-3.7.1.min.js HTTP/1.1" 304 0
INFO 2025-05-10 23:03:58,992 basehttp "GET /static/rest_framework/js/bootstrap.min.js HTTP/1.1" 304 0
INFO 2025-05-10 23:03:58,993 basehttp "GET /static/rest_framework/js/prettify-min.js HTTP/1.1" 304 0
INFO 2025-05-10 23:03:58,999 basehttp "GET /static/rest_framework/js/default.js HTTP/1.1" 304 0
INFO 2025-05-10 23:03:59,000 basehttp "GET /static/rest_framework/css/prettify.css HTTP/1.1" 304 0
INFO 2025-05-10 23:03:59,000 basehttp "GET /static/rest_framework/js/load-ajax-form.js HTTP/1.1" 304 0
INFO 2025-05-10 23:03:59,011 basehttp "GET /static/rest_framework/css/default.css HTTP/1.1" 304 0
INFO 2025-05-10 23:03:59,013 basehttp "GET /static/rest_framework/js/ajax-form.js HTTP/1.1" 304 0
INFO 2025-05-10 23:03:59,013 basehttp "GET /static/rest_framework/js/csrf.js HTTP/1.1" 304 0
INFO 2025-05-10 23:03:59,041 basehttp "GET /static/rest_framework/img/grid.png HTTP/1.1" 304 0
ERROR 2025-05-10 23:05:05,664 log Internal Server Error: /swagger/
Traceback (most recent call last):
  File "c:\Users\joaop\Desktop\SGHSS_Projeto_Comentado\venv\Lib\site-packages\django\core\handlers\exception.py", line 55, in inner
    response = get_response(request)
  File "c:\Users\joaop\Desktop\SGHSS_Projeto_Comentado\venv\Lib\site-packages\django\core\handlers\base.py", line 220, in _get_response
    response = response.render()
  File "c:\Users\joaop\Desktop\SGHSS_Projeto_Comentado\venv\Lib\site-packages\django\template\response.py", line 114, in render
    self.content = self.rendered_content
                   ^^^^^^^^^^^^^^^^^^^^^
  File "c:\Users\joaop\Desktop\SGHSS_Projeto_Comentado\venv\Lib\site-packages\rest_framework\response.py", line 74, in rendered_content
    ret = renderer.render(self.data, accepted_media_type, context)
  File "c:\Users\joaop\Desktop\SGHSS_Projeto_Comentado\venv\Lib\site-packages\drf_yasg\renderers.py", line 79, in render
    return render_to_string(self.template, renderer_context, renderer_context['request'])
  File "c:\Users\joaop\Desktop\SGHSS_Projeto_Comentado\venv\Lib\site-packages\django\template\loader.py", line 61, in render_to_string
    template = get_template(template_name, using=using)
  File "c:\Users\joaop\Desktop\SGHSS_Projeto_Comentado\venv\Lib\site-packages\django\template\loader.py", line 19, in get_template
    raise TemplateDoesNotExist(template_name, chain=chain)
django.template.exceptions.TemplateDoesNotExist: drf-yasg/swagger-ui.html
ERROR 2025-05-10 23:05:05,668 basehttp "GET /swagger/ HTTP/1.1" 500 103770
INFO 2025-05-10 23:05:20,342 basehttp "GET / HTTP/1.1" 200 79
ERROR 2025-05-10 23:06:02,841 log Internal Server Error: /swagger/
Traceback (most recent call last):
  File "c:\Users\joaop\Desktop\SGHSS_Projeto_Comentado\venv\Lib\site-packages\django\core\handlers\exception.py", line 55, in inner
    response = get_response(request)
  File "c:\Users\joaop\Desktop\SGHSS_Projeto_Comentado\venv\Lib\site-packages\django\core\handlers\base.py", line 220, in _get_response
    response = response.render()
  File "c:\Users\joaop\Desktop\SGHSS_Projeto_Comentado\venv\Lib\site-packages\django\template\response.py", line 114, in render
    self.content = self.rendered_content
                   ^^^^^^^^^^^^^^^^^^^^^
  File "c:\Users\joaop\Desktop\SGHSS_Projeto_Comentado\venv\Lib\site-packages\rest_framework\response.py", line 74, in rendered_content
    ret = renderer.render(self.data, accepted_media_type, context)
  File "c:\Users\joaop\Desktop\SGHSS_Projeto_Comentado\venv\Lib\site-packages\drf_yasg\renderers.py", line 79, in render
    return render_to_string(self.template, renderer_context, renderer_context['request'])
  File "c:\Users\joaop\Desktop\SGHSS_Projeto_Comentado\venv\Lib\site-packages\django\template\loader.py", line 61, in render_to_string
    template = get_template(template_name, using=using)
  File "c:\Users\joaop\Desktop\SGHSS_Projeto_Comentado\venv\Lib\site-packages\django\template\loader.py", line 19, in get_template
    raise TemplateDoesNotExist(template_name, chain=chain)
django.template.exceptions.TemplateDoesNotExist: drf-yasg/swagger-ui.html
ERROR 2025-05-10 23:06:02,843 basehttp "GET /swagger/ HTTP/1.1" 500 104551
INFO 2025-05-10 23:08:14,525 autoreload Watching for file changes with StatReloader
INFO 2025-05-10 23:10:12,812 autoreload C:\Users\joaop\Desktop\SGHSS_Projeto_Comentado\SGHSS\settings.py changed, reloading.
INFO 2025-05-10 23:11:12,829 autoreload Watching for file changes with StatReloader
INFO 2025-05-10 23:11:26,732 basehttp "GET / HTTP/1.1" 200 79
INFO 2025-05-10 23:11:31,633 middleware User: Anonymous | Method: GET | Path: /api/ | Status: 401 | Duration: 0.06s
WARNING 2025-05-10 23:11:31,633 log Unauthorized: /api/
WARNING 2025-05-10 23:11:31,634 basehttp "GET /api/ HTTP/1.1" 401 5013
INFO 2025-05-10 23:11:33,392 middleware User: Anonymous | Method: GET | Path: /api/ | Status: 401 | Duration: 0.00s
WARNING 2025-05-10 23:11:33,394 log Unauthorized: /api/
WARNING 2025-05-10 23:11:33,396 basehttp "GET /api/ HTTP/1.1" 401 5013
INFO 2025-05-10 23:12:44,138 autoreload C:\Users\joaop\Desktop\SGHSS_Projeto_Comentado\SGHSS\urls.py changed, reloading.
INFO 2025-05-10 23:12:45,196 autoreload Watching for file changes with StatReloader
INFO 2025-05-10 23:13:00,086 autoreload C:\Users\joaop\Desktop\SGHSS_Projeto_Comentado\SGHSS\urls.py changed, reloading.
INFO 2025-05-10 23:13:00,997 autoreload Watching for file changes with StatReloader
INFO 2025-05-10 23:13:04,798 autoreload C:\Users\joaop\Desktop\SGHSS_Projeto_Comentado\SGHSS\urls.py changed, reloading.
INFO 2025-05-10 23:13:05,751 autoreload Watching for file changes with StatReloader
INFO 2025-05-10 23:13:21,773 autoreload C:\Users\joaop\Desktop\SGHSS_Projeto_Comentado\SGHSS\urls.py changed, reloading.
INFO 2025-05-10 23:13:22,820 autoreload Watching for file changes with StatReloader
INFO 2025-05-10 23:13:29,204 autoreload C:\Users\joaop\Desktop\SGHSS_Projeto_Comentado\SGHSS\urls.py changed, reloading.
INFO 2025-05-10 23:13:30,247 autoreload Watching for file changes with StatReloader
INFO 2025-05-10 23:13:34,328 autoreload C:\Users\joaop\Desktop\SGHSS_Projeto_Comentado\SGHSS\urls.py changed, reloading.
INFO 2025-05-10 23:13:35,576 autoreload Watching for file changes with StatReloader
INFO 2025-05-10 23:13:42,946 autoreload C:\Users\joaop\Desktop\SGHSS_Projeto_Comentado\SGHSS\urls.py changed, reloading.
INFO 2025-05-10 23:13:44,062 autoreload Watching for file changes with StatReloader
INFO 2025-05-10 23:13:46,887 autoreload C:\Users\joaop\Desktop\SGHSS_Projeto_Comentado\SGHSS\urls.py changed, reloading.
INFO 2025-05-10 23:13:47,937 autoreload Watching for file changes with StatReloader
INFO 2025-05-10 23:13:57,567 autoreload C:\Users\joaop\Desktop\SGHSS_Projeto_Comentado\SGHSS\urls.py changed, reloading.
INFO 2025-05-10 23:13:58,622 autoreload Watching for file changes with StatReloader
INFO 2025-05-10 23:14:11,803 autoreload C:\Users\joaop\Desktop\SGHSS_Projeto_Comentado\SGHSS\urls.py changed, reloading.
INFO 2025-05-10 23:14:12,841 autoreload Watching for file changes with StatReloader
INFO 2025-05-10 23:14:16,790 autoreload C:\Users\joaop\Desktop\SGHSS_Projeto_Comentado\SGHSS\urls.py changed, reloading.
INFO 2025-05-10 23:14:17,837 autoreload Watching for file changes with StatReloader
INFO 2025-05-10 23:14:25,017 autoreload C:\Users\joaop\Desktop\SGHSS_Projeto_Comentado\SGHSS\urls.py changed, reloading.
INFO 2025-05-10 23:14:26,087 autoreload Watching for file changes with StatReloader
INFO 2025-05-10 23:14:39,034 autoreload C:\Users\joaop\Desktop\SGHSS_Projeto_Comentado\SGHSS\urls.py changed, reloading.
INFO 2025-05-10 23:14:40,281 autoreload Watching for file changes with StatReloader
INFO 2025-05-10 23:15:14,202 autoreload C:\Users\joaop\Desktop\SGHSS_Projeto_Comentado\SGHSS\urls.py changed, reloading.
INFO 2025-05-10 23:15:15,234 autoreload Watching for file changes with StatReloader
INFO 2025-05-10 23:15:19,088 autoreload C:\Users\joaop\Desktop\SGHSS_Projeto_Comentado\SGHSS\urls.py changed, reloading.
INFO 2025-05-10 23:15:20,005 autoreload Watching for file changes with StatReloader
INFO 2025-05-10 23:15:22,928 autoreload C:\Users\joaop\Desktop\SGHSS_Projeto_Comentado\SGHSS\urls.py changed, reloading.
INFO 2025-05-10 23:15:23,934 autoreload Watching for file changes with StatReloader
INFO 2025-05-10 23:15:33,333 autoreload C:\Users\joaop\Desktop\SGHSS_Projeto_Comentado\SGHSS\urls.py changed, reloading.
INFO 2025-05-10 23:15:34,504 autoreload Watching for file changes with StatReloader
INFO 2025-05-10 23:16:07,231 autoreload C:\Users\joaop\Desktop\SGHSS_Projeto_Comentado\SGHSS\urls.py changed, reloading.
INFO 2025-05-10 23:16:08,342 autoreload Watching for file changes with StatReloader
INFO 2025-05-10 23:16:15,166 autoreload C:\Users\joaop\Desktop\SGHSS_Projeto_Comentado\SGHSS\urls.py changed, reloading.
INFO 2025-05-10 23:16:16,187 autoreload Watching for file changes with StatReloader
INFO 2025-05-10 23:16:21,867 autoreload C:\Users\joaop\Desktop\SGHSS_Projeto_Comentado\SGHSS\urls.py changed, reloading.
INFO 2025-05-10 23:16:22,968 autoreload Watching for file changes with StatReloader
INFO 2025-05-10 23:16:26,467 autoreload C:\Users\joaop\Desktop\SGHSS_Projeto_Comentado\SGHSS\urls.py changed, reloading.
INFO 2025-05-10 23:16:27,497 autoreload Watching for file changes with StatReloader
INFO 2025-05-10 23:24:17,466 autoreload C:\Users\joaop\Desktop\SGHSS_Projeto_Comentado\SGHSS\urls.py changed, reloading.
INFO 2025-05-10 23:24:18,490 autoreload Watching for file changes with StatReloader
INFO 2025-05-10 23:24:27,286 autoreload C:\Users\joaop\Desktop\SGHSS_Projeto_Comentado\SGHSS\urls.py changed, reloading.
INFO 2025-05-10 23:24:28,304 autoreload Watching for file changes with StatReloader
INFO 2025-05-10 23:24:36,151 autoreload C:\Users\joaop\Desktop\SGHSS_Projeto_Comentado\SGHSS\urls.py changed, reloading.
INFO 2025-05-10 23:24:37,241 autoreload Watching for file changes with StatReloader
INFO 2025-05-10 23:24:46,167 autoreload C:\Users\joaop\Desktop\SGHSS_Projeto_Comentado\SGHSS\urls.py changed, reloading.
INFO 2025-05-10 23:24:47,256 autoreload Watching for file changes with StatReloader
INFO 2025-05-10 23:28:27,168 autoreload C:\Users\joaop\Desktop\SGHSS_Projeto_Comentado\SGHSS\urls.py changed, reloading.
INFO 2025-05-10 23:28:28,209 autoreload Watching for file changes with StatReloader
INFO 2025-05-10 23:28:36,084 autoreload C:\Users\joaop\Desktop\SGHSS_Projeto_Comentado\SGHSS\urls.py changed, reloading.
INFO 2025-05-10 23:28:37,230 autoreload Watching for file changes with StatReloader
INFO 2025-05-10 23:28:40,589 autoreload C:\Users\joaop\Desktop\SGHSS_Projeto_Comentado\SGHSS\urls.py changed, reloading.
INFO 2025-05-10 23:28:41,627 autoreload Watching for file changes with StatReloader
INFO 2025-05-10 23:31:34,805 autoreload Watching for file changes with StatReloader
INFO 2025-05-10 23:35:30,557 autoreload C:\Users\joaop\Desktop\SGHSS_Projeto_Comentado\SGHSS\urls.py changed, reloading.
INFO 2025-05-10 23:35:31,724 autoreload Watching for file changes with StatReloader
INFO 2025-05-10 23:35:36,394 basehttp "GET / HTTP/1.1" 200 79
INFO 2025-05-10 23:35:41,427 middleware User: Anonymous | Method: GET | Path: /api/ | Status: 401 | Duration: 0.07s
WARNING 2025-05-10 23:35:41,428 log Unauthorized: /api/
WARNING 2025-05-10 23:35:41,428 basehttp "GET /api/ HTTP/1.1" 401 5013
INFO 2025-05-10 23:36:46,137 basehttp "GET / HTTP/1.1" 200 79
ERROR 2025-05-10 23:37:18,686 log Internal Server Error: /api/docs/
Traceback (most recent call last):
  File "c:\Users\joaop\Desktop\SGHSS_Projeto_Comentado\venv\Lib\site-packages\django\core\handlers\exception.py", line 55, in inner
    response = get_response(request)
  File "c:\Users\joaop\Desktop\SGHSS_Projeto_Comentado\venv\Lib\site-packages\django\core\handlers\base.py", line 220, in _get_response
    response = response.render()
  File "c:\Users\joaop\Desktop\SGHSS_Projeto_Comentado\venv\Lib\site-packages\django\template\response.py", line 114, in render
    self.content = self.rendered_content
                   ^^^^^^^^^^^^^^^^^^^^^
  File "c:\Users\joaop\Desktop\SGHSS_Projeto_Comentado\venv\Lib\site-packages\rest_framework\response.py", line 74, in rendered_content
    ret = renderer.render(self.data, accepted_media_type, context)
  File "c:\Users\joaop\Desktop\SGHSS_Projeto_Comentado\venv\Lib\site-packages\rest_framework\renderers.py", line 160, in render
    template = self.resolve_template(template_names)
  File "c:\Users\joaop\Desktop\SGHSS_Projeto_Comentado\venv\Lib\site-packages\rest_framework\renderers.py", line 170, in resolve_template
    return loader.select_template(template_names)
           ~~~~~~~~~~~~~~~~~~~~~~^^^^^^^^^^^^^^^^
  File "c:\Users\joaop\Desktop\SGHSS_Projeto_Comentado\venv\Lib\site-packages\django\template\loader.py", line 47, in select_template
    raise TemplateDoesNotExist(", ".join(template_name_list), chain=chain)
django.template.exceptions.TemplateDoesNotExist: drf_spectacular/swagger_ui.html
INFO 2025-05-10 23:37:18,690 middleware User: Anonymous | Method: GET | Path: /api/docs/ | Status: 500 | Duration: 0.04s
ERROR 2025-05-10 23:37:18,690 basehttp "GET /api/docs/ HTTP/1.1" 500 100649
